<?xml version="1.0" encoding="UTF-8"?>
<!-- Generated by org.testng.reporters.JUnitReportReporter -->
<testsuite hostname="ae-x.local" failures="0" tests="15" name="testcases.BaseTest" time="55.525" errors="0" timestamp="2023-12-07T21:59:35 PST" skipped="0">
  <testcase classname="testcases.BaseTest" name="confirmApplicationLaunch" time="1.024"/>
  <testcase classname="testcases.BaseTest" name="confirmProductsListed" time="0.711"/>
  <testcase classname="testcases.BaseTest" name="confirmLinkNavigation" time="4.390"/>
  <testcase classname="testcases.BaseTest" name="selectProductWH09" time="10.041"/>
  <testcase classname="testcases.BaseTest" name="confirmAddToCartSelection" time="0.069"/>
  <testcase classname="testcases.BaseTest" name="getProductDetails" time="0.270"/>
  <testcase classname="testcases.BaseTest" name="confirmSizeSelection" time="0.336"/>
  <testcase classname="testcases.BaseTest" name="confirmColorSelection" time="0.225"/>
  <testcase classname="testcases.BaseTest" name="editQTY" time="0.486"/>
  <testcase classname="testcases.BaseTest" name="addItemToCart" time="6.454"/>
  <testcase classname="testcases.BaseTest" name="viewFooter" time="0.127"/>
  <testcase classname="testcases.BaseTest" name="proceedToCheckout" time="9.043"/>
  <testcase classname="testcases.BaseTest" name="confirmShipping" time="7.656"/>
  <testcase classname="testcases.BaseTest" name="confirmPayment" time="14.574"/>
  <testcase classname="testcases.BaseTest" name="confirmOrderSuccess" time="0.119"/>
</testsuite> <!-- testcases.BaseTest -->
